# JRE version: Java(TM) SE Runtime Environment (8.0_241-b07) (build 1.8.0_241-b07)
# Java VM: Java HotSpot(TM) 64-Bit Server VM (25.241-b07 mixed mode windows-amd64 compressed oops)
Heap:
 PSYoungGen      total 567296K, used 562819K [0x0000000780b00000, 0x00000007a8e00000, 0x00000007c0000000)
  eden space 541184K, 100% used [0x0000000780b00000,0x00000007a1b80000,0x00000007a1b80000)
  from space 26112K, 82% used [0x00000007a1b80000,0x00000007a30a0da8,0x00000007a3500000)
  to   space 28160K, 39% used [0x00000007a7280000,0x00000007a7d3c1f8,0x00000007a8e00000)
 ParOldGen       total 171520K, used 35583K [0x0000000702000000, 0x000000070c780000, 0x0000000780b00000)
  object space 171520K, 20% used [0x0000000702000000,0x00000007042bff08,0x000000070c780000)
 Metaspace       used 73894K, capacity 78972K, committed 79064K, reserved 1118208K
  class space    used 10087K, capacity 10905K, committed 10968K, reserved 1048576K
GC Heap History (10 events):
Event: 16.015 GC heap after
Heap after GC invocations=12 (full 2):
 PSYoungGen      total 441344K, used 18416K [0x0000000780b00000, 0x000000079e780000, 0x00000007c0000000)
  eden space 422912K, 0% used [0x0000000780b00000,0x0000000780b00000,0x000000079a800000)
  from space 18432K, 99% used [0x000000079d580000,0x000000079e77c1d0,0x000000079e780000)
  to   space 23040K, 0% used [0x000000079ba80000,0x000000079ba80000,0x000000079d100000)
 ParOldGen       total 117248K, used 28551K [0x0000000702000000, 0x0000000709280000, 0x0000000780b00000)
  object space 117248K, 24% used [0x0000000702000000,0x0000000703be1ff0,0x0000000709280000)
 Metaspace       used 52767K, capacity 55808K, committed 56152K, reserved 1097728K
  class space    used 7187K, capacity 7710K, committed 7768K, reserved 1048576K
}
Event: 17.313 GC heap before
{Heap before GC invocations=13 (full 2):
 PSYoungGen      total 441344K, used 139091K [0x0000000780b00000, 0x000000079e780000, 0x00000007c0000000)
  eden space 422912K, 28% used [0x0000000780b00000,0x00000007880d8b50,0x000000079a800000)
  from space 18432K, 99% used [0x000000079d580000,0x000000079e77c1d0,0x000000079e780000)
  to   space 23040K, 0% used [0x000000079ba80000,0x000000079ba80000,0x000000079d100000)
 ParOldGen       total 117248K, used 28551K [0x0000000702000000, 0x0000000709280000, 0x0000000780b00000)
  object space 117248K, 24% used [0x0000000702000000,0x0000000703be1ff0,0x0000000709280000)
 Metaspace       used 55870K, capacity 58936K, committed 59028K, reserved 1099776K
  class space    used 7584K, capacity 8122K, committed 8152K, reserved 1048576K
Event: 17.336 GC heap after
Heap after GC invocations=13 (full 2):
 PSYoungGen      total 464896K, used 4986K [0x0000000780b00000, 0x00000007a4e80000, 0x00000007c0000000)
  eden space 441856K, 0% used [0x0000000780b00000,0x0000000780b00000,0x000000079ba80000)
  from space 23040K, 21% used [0x000000079ba80000,0x000000079bf5e8e8,0x000000079d100000)
  to   space 23040K, 0% used [0x00000007a3800000,0x00000007a3800000,0x00000007a4e80000)
 ParOldGen       total 117248K, used 39148K [0x0000000702000000, 0x0000000709280000, 0x0000000780b00000)
  object space 117248K, 33% used [0x0000000702000000,0x000000070463b350,0x0000000709280000)
 Metaspace       used 55870K, capacity 58936K, committed 59028K, reserved 1099776K
  class space    used 7584K, capacity 8122K, committed 8152K, reserved 1048576K
}
Event: 17.336 GC heap before
{Heap before GC invocations=14 (full 3):
 PSYoungGen      total 464896K, used 4986K [0x0000000780b00000, 0x00000007a4e80000, 0x00000007c0000000)
  eden space 441856K, 0% used [0x0000000780b00000,0x0000000780b00000,0x000000079ba80000)
  from space 23040K, 21% used [0x000000079ba80000,0x000000079bf5e8e8,0x000000079d100000)
  to   space 23040K, 0% used [0x00000007a3800000,0x00000007a3800000,0x00000007a4e80000)
 ParOldGen       total 117248K, used 39148K [0x0000000702000000, 0x0000000709280000, 0x0000000780b00000)
  object space 117248K, 33% used [0x0000000702000000,0x000000070463b350,0x0000000709280000)
 Metaspace       used 55870K, capacity 58936K, committed 59028K, reserved 1099776K
  class space    used 7584K, capacity 8122K, committed 8152K, reserved 1048576K
Event: 17.816 GC heap after
Heap after GC invocations=14 (full 3):
 PSYoungGen      total 464896K, used 0K [0x0000000780b00000, 0x00000007a4e80000, 0x00000007c0000000)
  eden space 441856K, 0% used [0x0000000780b00000,0x0000000780b00000,0x000000079ba80000)
  from space 23040K, 0% used [0x000000079ba80000,0x000000079ba80000,0x000000079d100000)
  to   space 23040K, 0% used [0x00000007a3800000,0x00000007a3800000,0x00000007a4e80000)
 ParOldGen       total 171520K, used 35567K [0x0000000702000000, 0x000000070c780000, 0x0000000780b00000)
  object space 171520K, 20% used [0x0000000702000000,0x00000007042bbf08,0x000000070c780000)
 Metaspace       used 55790K, capacity 58810K, committed 59028K, reserved 1099776K
  class space    used 7572K, capacity 8101K, committed 8152K, reserved 1048576K
}
Event: 24.200 GC heap before
{Heap before GC invocations=15 (full 3):
 PSYoungGen      total 464896K, used 441856K [0x0000000780b00000, 0x00000007a4e80000, 0x00000007c0000000)
  eden space 441856K, 100% used [0x0000000780b00000,0x000000079ba80000,0x000000079ba80000)
  from space 23040K, 0% used [0x000000079ba80000,0x000000079ba80000,0x000000079d100000)
  to   space 23040K, 0% used [0x00000007a3800000,0x00000007a3800000,0x00000007a4e80000)
 ParOldGen       total 171520K, used 35567K [0x0000000702000000, 0x000000070c780000, 0x0000000780b00000)
  object space 171520K, 20% used [0x0000000702000000,0x00000007042bbf08,0x000000070c780000)
 Metaspace       used 68234K, capacity 72738K, committed 72920K, reserved 1112064K
  class space    used 9393K, capacity 10132K, committed 10200K, reserved 1048576K
Event: 24.225 GC heap after
Heap after GC invocations=15 (full 3):
 PSYoungGen      total 546304K, used 22697K [0x0000000780b00000, 0x00000007a4e80000, 0x00000007c0000000)
  eden space 523264K, 0% used [0x0000000780b00000,0x0000000780b00000,0x00000007a0a00000)
  from space 23040K, 98% used [0x00000007a3800000,0x00000007a4e2a700,0x00000007a4e80000)
  to   space 26112K, 0% used [0x00000007a1b80000,0x00000007a1b80000,0x00000007a3500000)
 ParOldGen       total 171520K, used 35575K [0x0000000702000000, 0x000000070c780000, 0x0000000780b00000)
  object space 171520K, 20% used [0x0000000702000000,0x00000007042bdf08,0x000000070c780000)
 Metaspace       used 68234K, capacity 72738K, committed 72920K, reserved 1112064K
  class space    used 9393K, capacity 10132K, committed 10200K, reserved 1048576K
}
Event: 225.805 GC heap before
{Heap before GC invocations=16 (full 3):
 PSYoungGen      total 546304K, used 545961K [0x0000000780b00000, 0x00000007a4e80000, 0x00000007c0000000)
  eden space 523264K, 100% used [0x0000000780b00000,0x00000007a0a00000,0x00000007a0a00000)
  from space 23040K, 98% used [0x00000007a3800000,0x00000007a4e2a700,0x00000007a4e80000)
  to   space 26112K, 0% used [0x00000007a1b80000,0x00000007a1b80000,0x00000007a3500000)
 ParOldGen       total 171520K, used 35575K [0x0000000702000000, 0x000000070c780000, 0x0000000780b00000)
  object space 171520K, 20% used [0x0000000702000000,0x00000007042bdf08,0x000000070c780000)
 Metaspace       used 73890K, capacity 78966K, committed 79064K, reserved 1118208K
  class space    used 10087K, capacity 10904K, committed 10968K, reserved 1048576K
Event: 225.848 GC heap after
Heap after GC invocations=16 (full 3):
 PSYoungGen      total 567296K, used 21635K [0x0000000780b00000, 0x00000007a8e00000, 0x00000007c0000000)
  eden space 541184K, 0% used [0x0000000780b00000,0x0000000780b00000,0x00000007a1b80000)
  from space 26112K, 82% used [0x00000007a1b80000,0x00000007a30a0da8,0x00000007a3500000)
  to   space 28160K, 0% used [0x00000007a7280000,0x00000007a7280000,0x00000007a8e00000)
 ParOldGen       total 171520K, used 35583K [0x0000000702000000, 0x000000070c780000, 0x0000000780b00000)
  object space 171520K, 20% used [0x0000000702000000,0x00000007042bff08,0x000000070c780000)
 Metaspace       used 73890K, capacity 78966K, committed 79064K, reserved 1118208K
  class space    used 10087K, capacity 10904K, committed 10968K, reserved 1048576K
}
Event: 661.384 GC heap before
{Heap before GC invocations=17 (full 3):
 PSYoungGen      total 567296K, used 562819K [0x0000000780b00000, 0x00000007a8e00000, 0x00000007c0000000)
  eden space 541184K, 100% used [0x0000000780b00000,0x00000007a1b80000,0x00000007a1b80000)
  from space 26112K, 82% used [0x00000007a1b80000,0x00000007a30a0da8,0x00000007a3500000)
  to   space 28160K, 0% used [0x00000007a7280000,0x00000007a7280000,0x00000007a8e00000)
 ParOldGen       total 171520K, used 35583K [0x0000000702000000, 0x000000070c780000, 0x0000000780b00000)
  object space 171520K, 20% used [0x0000000702000000,0x00000007042bff08,0x000000070c780000)
 Metaspace       used 73894K, capacity 78972K, committed 79064K, reserved 1118208K
  class space    used 10087K, capacity 10905K, committed 10968K, reserved 1048576K

