# JRE version: Java(TM) SE Runtime Environment (8.0_241-b07) (build 1.8.0_241-b07)
# Java VM: Java HotSpot(TM) 64-Bit Server VM (25.241-b07 mixed mode windows-amd64 compressed oops)
Heap:
 PSYoungGen      total 177152K, used 176758K [0x0000000780b00000, 0x000000079a980000, 0x00000007c0000000)
  eden space 175616K, 100% used [0x0000000780b00000,0x000000078b680000,0x000000078b680000)
  from space 1536K, 74% used [0x000000079a800000,0x000000079a91d8b0,0x000000079a980000)
  to   space 7168K, 0% used [0x0000000799b80000,0x0000000799b80000,0x000000079a280000)
 ParOldGen       total 161280K, used 53757K [0x0000000702000000, 0x000000070bd80000, 0x0000000780b00000)
  object space 161280K, 33% used [0x0000000702000000,0x000000070547f760,0x000000070bd80000)
 Metaspace       used 75312K, capacity 80916K, committed 81152K, reserved 1120256K
  class space    used 10355K, capacity 11261K, committed 11264K, reserved 1048576K
GC Heap History (10 events):
Event: 10778.834 GC heap before
{Heap before GC invocations=49 (full 3):
 PSYoungGen      total 214016K, used 205557K [0x0000000780b00000, 0x000000079bf00000, 0x00000007c0000000)
  eden space 204288K, 100% used [0x0000000780b00000,0x000000078d280000,0x000000078d280000)
  from space 9728K, 13% used [0x000000079ac80000,0x000000079adbd690,0x000000079b600000)
  to   space 9216K, 0% used [0x000000079b600000,0x000000079b600000,0x000000079bf00000)
 ParOldGen       total 161280K, used 53693K [0x0000000702000000, 0x000000070bd80000, 0x0000000780b00000)
  object space 161280K, 33% used [0x0000000702000000,0x000000070546f760,0x000000070bd80000)
 Metaspace       used 75291K, capacity 80916K, committed 81152K, reserved 1120256K
  class space    used 10354K, capacity 11261K, committed 11264K, reserved 1048576K
Event: 10778.839 GC heap after
Heap after GC invocations=49 (full 3):
 PSYoungGen      total 200192K, used 2028K [0x0000000780b00000, 0x000000079b800000, 0x00000007c0000000)
  eden space 198144K, 0% used [0x0000000780b00000,0x0000000780b00000,0x000000078cc80000)
  from space 2048K, 99% used [0x000000079b600000,0x000000079b7fb380,0x000000079b800000)
  to   space 8704K, 0% used [0x000000079a700000,0x000000079a700000,0x000000079af80000)
 ParOldGen       total 161280K, used 53709K [0x0000000702000000, 0x000000070bd80000, 0x0000000780b00000)
  object space 161280K, 33% used [0x0000000702000000,0x0000000705473760,0x000000070bd80000)
 Metaspace       used 75291K, capacity 80916K, committed 81152K, reserved 1120256K
  class space    used 10354K, capacity 11261K, committed 11264K, reserved 1048576K
}
Event: 10944.541 GC heap before
{Heap before GC invocations=50 (full 3):
 PSYoungGen      total 200192K, used 200172K [0x0000000780b00000, 0x000000079b800000, 0x00000007c0000000)
  eden space 198144K, 100% used [0x0000000780b00000,0x000000078cc80000,0x000000078cc80000)
  from space 2048K, 99% used [0x000000079b600000,0x000000079b7fb380,0x000000079b800000)
  to   space 8704K, 0% used [0x000000079a700000,0x000000079a700000,0x000000079af80000)
 ParOldGen       total 161280K, used 53709K [0x0000000702000000, 0x000000070bd80000, 0x0000000780b00000)
  object space 161280K, 33% used [0x0000000702000000,0x0000000705473760,0x000000070bd80000)
 Metaspace       used 75291K, capacity 80916K, committed 81152K, reserved 1120256K
  class space    used 10354K, capacity 11261K, committed 11264K, reserved 1048576K
Event: 10944.548 GC heap after
Heap after GC invocations=50 (full 3):
 PSYoungGen      total 193536K, used 1418K [0x0000000780b00000, 0x000000079b680000, 0x00000007c0000000)
  eden space 192000K, 0% used [0x0000000780b00000,0x0000000780b00000,0x000000078c680000)
  from space 1536K, 92% used [0x000000079a700000,0x000000079a862a20,0x000000079a880000)
  to   space 8192K, 0% used [0x000000079ae80000,0x000000079ae80000,0x000000079b680000)
 ParOldGen       total 161280K, used 53725K [0x0000000702000000, 0x000000070bd80000, 0x0000000780b00000)
  object space 161280K, 33% used [0x0000000702000000,0x0000000705477760,0x000000070bd80000)
 Metaspace       used 75291K, capacity 80916K, committed 81152K, reserved 1120256K
  class space    used 10354K, capacity 11261K, committed 11264K, reserved 1048576K
}
Event: 11101.425 GC heap before
{Heap before GC invocations=51 (full 3):
 PSYoungGen      total 193536K, used 193418K [0x0000000780b00000, 0x000000079b680000, 0x00000007c0000000)
  eden space 192000K, 100% used [0x0000000780b00000,0x000000078c680000,0x000000078c680000)
  from space 1536K, 92% used [0x000000079a700000,0x000000079a862a20,0x000000079a880000)
  to   space 8192K, 0% used [0x000000079ae80000,0x000000079ae80000,0x000000079b680000)
 ParOldGen       total 161280K, used 53725K [0x0000000702000000, 0x000000070bd80000, 0x0000000780b00000)
  object space 161280K, 33% used [0x0000000702000000,0x0000000705477760,0x000000070bd80000)
 Metaspace       used 75291K, capacity 80916K, committed 81152K, reserved 1120256K
  class space    used 10354K, capacity 11261K, committed 11264K, reserved 1048576K
Event: 11101.436 GC heap after
Heap after GC invocations=51 (full 3):
 PSYoungGen      total 187904K, used 1206K [0x0000000780b00000, 0x000000079b000000, 0x00000007c0000000)
  eden space 186368K, 0% used [0x0000000780b00000,0x0000000780b00000,0x000000078c100000)
  from space 1536K, 78% used [0x000000079ae80000,0x000000079afadad0,0x000000079b000000)
  to   space 7680K, 0% used [0x000000079a100000,0x000000079a100000,0x000000079a880000)
 ParOldGen       total 161280K, used 53741K [0x0000000702000000, 0x000000070bd80000, 0x0000000780b00000)
  object space 161280K, 33% used [0x0000000702000000,0x000000070547b760,0x000000070bd80000)
 Metaspace       used 75291K, capacity 80916K, committed 81152K, reserved 1120256K
  class space    used 10354K, capacity 11261K, committed 11264K, reserved 1048576K
}
Event: 11252.395 GC heap before
{Heap before GC invocations=52 (full 3):
 PSYoungGen      total 187904K, used 187574K [0x0000000780b00000, 0x000000079b000000, 0x00000007c0000000)
  eden space 186368K, 100% used [0x0000000780b00000,0x000000078c100000,0x000000078c100000)
  from space 1536K, 78% used [0x000000079ae80000,0x000000079afadad0,0x000000079b000000)
  to   space 7680K, 0% used [0x000000079a100000,0x000000079a100000,0x000000079a880000)
 ParOldGen       total 161280K, used 53741K [0x0000000702000000, 0x000000070bd80000, 0x0000000780b00000)
  object space 161280K, 33% used [0x0000000702000000,0x000000070547b760,0x000000070bd80000)
 Metaspace       used 75306K, capacity 80916K, committed 81152K, reserved 1120256K
  class space    used 10354K, capacity 11261K, committed 11264K, reserved 1048576K
Event: 11252.404 GC heap after
Heap after GC invocations=52 (full 3):
 PSYoungGen      total 182272K, used 1046K [0x0000000780b00000, 0x000000079af00000, 0x00000007c0000000)
  eden space 180736K, 0% used [0x0000000780b00000,0x0000000780b00000,0x000000078bb80000)
  from space 1536K, 68% used [0x000000079a100000,0x000000079a2058b0,0x000000079a280000)
  to   space 7168K, 0% used [0x000000079a800000,0x000000079a800000,0x000000079af00000)
 ParOldGen       total 161280K, used 53749K [0x0000000702000000, 0x000000070bd80000, 0x0000000780b00000)
  object space 161280K, 33% used [0x0000000702000000,0x000000070547d760,0x000000070bd80000)
 Metaspace       used 75306K, capacity 80916K, committed 81152K, reserved 1120256K
  class space    used 10354K, capacity 11261K, committed 11264K, reserved 1048576K
}
Event: 11399.603 GC heap before
{Heap before GC invocations=53 (full 3):
 PSYoungGen      total 182272K, used 181782K [0x0000000780b00000, 0x000000079af00000, 0x00000007c0000000)
  eden space 180736K, 100% used [0x0000000780b00000,0x000000078bb80000,0x000000078bb80000)
  from space 1536K, 68% used [0x000000079a100000,0x000000079a2058b0,0x000000079a280000)
  to   space 7168K, 0% used [0x000000079a800000,0x000000079a800000,0x000000079af00000)
 ParOldGen       total 161280K, used 53749K [0x0000000702000000, 0x000000070bd80000, 0x0000000780b00000)
  object space 161280K, 33% used [0x0000000702000000,0x000000070547d760,0x000000070bd80000)
 Metaspace       used 75311K, capacity 80916K, committed 81152K, reserved 1120256K
  class space    used 10354K, capacity 11261K, committed 11264K, reserved 1048576K
Event: 11399.607 GC heap after
Heap after GC invocations=53 (full 3):
 PSYoungGen      total 177152K, used 1142K [0x0000000780b00000, 0x000000079a980000, 0x00000007c0000000)
  eden space 175616K, 0% used [0x0000000780b00000,0x0000000780b00000,0x000000078b680000)
  from space 1536K, 74% used [0x000000079a800000,0x000000079a91d8b0,0x000000079a980000)
  to   space 7168K, 0% used [0x0000000799b80000,0x0000000799b80000,0x000000079a280000)
 ParOldGen       total 161280K, used 53757K [0x0000000702000000, 0x000000070bd80000, 0x0000000780b00000)
  object space 161280K, 33% used [0x0000000702000000,0x000000070547f760,0x000000070bd80000)
 Metaspace       used 75311K, capacity 80916K, committed 81152K, reserved 1120256K
  class space    used 10354K, capacity 11261K, committed 11264K, reserved 1048576K
}

